TN:
SF:C:\Users\User1\sukumar\mockathon-usecases\retail\src\polyfills.ts
FNF:0
FNH:0
LF:0
LH:0
BRF:0
BRH:0
end_of_record
TN:
SF:C:\Users\User1\sukumar\mockathon-usecases\retail\src\test.ts
FNF:0
FNH:0
DA:13,1
DA:18,1
DA:20,1
LF:3
LH:3
BRF:0
BRH:0
end_of_record
TN:
SF:C:\Users\User1\sukumar\mockathon-usecases\retail\src\app\app.component.ts
FN:8,(anonymous_0)
FNF:1
FNH:1
FNDA:1,(anonymous_0)
DA:8,1
DA:9,1
LF:2
LH:2
BRF:0
BRH:0
end_of_record
TN:
SF:C:\Users\User1\sukumar\mockathon-usecases\retail\src\app\admin\admin.component.ts
FN:9,(anonymous_0)
FN:13,AdminComponent
FN:15,(anonymous_2)
FNF:3
FNH:1
FNDA:1,(anonymous_0)
FNDA:0,AdminComponent
FNDA:0,(anonymous_2)
DA:9,1
DA:15,1
DA:16,0
DA:19,1
LF:4
LH:3
BRF:0
BRH:0
end_of_record
TN:
SF:C:\Users\User1\sukumar\mockathon-usecases\retail\src\app\category\category.component.ts
FN:12,(anonymous_0)
FN:19,CategoryComponent
FN:21,(anonymous_2)
FN:25,(anonymous_3)
FN:28,(anonymous_4)
FN:32,(anonymous_5)
FN:37,(anonymous_6)
FN:41,(anonymous_7)
FNF:8
FNH:1
FNDA:1,(anonymous_0)
FNDA:0,CategoryComponent
FNDA:0,(anonymous_2)
FNDA:0,(anonymous_3)
FNDA:0,(anonymous_4)
FNDA:0,(anonymous_5)
FNDA:0,(anonymous_6)
FNDA:0,(anonymous_7)
DA:12,1
DA:14,0
DA:15,0
DA:16,0
DA:19,0
DA:21,1
DA:25,0
DA:28,1
DA:29,0
DA:32,1
DA:33,0
DA:34,0
DA:37,1
DA:38,0
DA:39,0
DA:40,0
DA:41,0
DA:42,0
DA:43,0
DA:46,1
LF:20
LH:6
BRF:0
BRH:0
end_of_record
TN:
SF:C:\Users\User1\sukumar\mockathon-usecases\retail\src\app\category\category.service.ts
FN:10,(anonymous_0)
FN:12,CategoryService
FN:14,(anonymous_2)
FNF:3
FNH:1
FNDA:1,(anonymous_0)
FNDA:0,CategoryService
FNDA:0,(anonymous_2)
DA:10,1
DA:12,0
DA:14,1
DA:15,0
DA:18,1
LF:5
LH:3
BRF:0
BRH:0
end_of_record
TN:
SF:C:\Users\User1\sukumar\mockathon-usecases\retail\src\app\category\category.ts
FN:1,(anonymous_0)
FNF:1
FNH:1
FNDA:2,(anonymous_0)
DA:1,1
DA:4,1
LF:2
LH:2
BRF:0
BRH:0
end_of_record
TN:
SF:C:\Users\User1\sukumar\mockathon-usecases\retail\src\app\core\banner\banner.component.ts
FN:8,(anonymous_0)
FN:10,BannerComponent
FN:12,(anonymous_2)
FNF:3
FNH:3
FNDA:1,(anonymous_0)
FNDA:1,BannerComponent
FNDA:1,(anonymous_2)
DA:8,1
DA:12,1
DA:15,1
LF:3
LH:3
BRF:0
BRH:0
end_of_record
TN:
SF:C:\Users\User1\sukumar\mockathon-usecases\retail\src\app\core\heading\heading.component.ts
FN:8,(anonymous_0)
FN:12,HeadingComponent
FN:14,(anonymous_2)
FNF:3
FNH:3
FNDA:1,(anonymous_0)
FNDA:1,HeadingComponent
FNDA:1,(anonymous_2)
DA:8,1
DA:10,1
DA:14,1
DA:17,1
LF:4
LH:4
BRF:0
BRH:0
end_of_record
TN:
SF:C:\Users\User1\sukumar\mockathon-usecases\retail\src\app\core\upload\upload.component.ts
FN:11,(anonymous_0)
FN:18,UploadComponent
FN:20,(anonymous_2)
FN:23,(anonymous_3)
FN:37,(anonymous_4)
FNF:5
FNH:1
FNDA:1,(anonymous_0)
FNDA:0,UploadComponent
FNDA:0,(anonymous_2)
FNDA:0,(anonymous_3)
FNDA:0,(anonymous_4)
DA:11,1
DA:13,0
DA:14,1
DA:15,1
DA:16,1
DA:18,0
DA:20,1
DA:23,1
DA:24,0
DA:25,0
DA:26,0
DA:29,0
DA:37,1
DA:38,0
DA:47,1
LF:15
LH:8
BRDA:24,0,0,0
BRDA:24,0,1,0
BRDA:24,1,0,0
BRDA:24,1,1,0
BRF:4
BRH:0
end_of_record
TN:
SF:C:\Users\User1\sukumar\mockathon-usecases\retail\src\app\header\header.component.ts
FN:8,(anonymous_0)
FN:10,HeaderComponent
FN:12,(anonymous_2)
FNF:3
FNH:3
FNDA:1,(anonymous_0)
FNDA:1,HeaderComponent
FNDA:1,(anonymous_2)
DA:8,1
DA:12,1
DA:15,1
LF:3
LH:3
BRF:0
BRH:0
end_of_record
TN:
SF:C:\Users\User1\sukumar\mockathon-usecases\retail\src\app\landing\landing.component.ts
FN:8,(anonymous_0)
FN:10,LandingComponent
FN:12,(anonymous_2)
FNF:3
FNH:1
FNDA:1,(anonymous_0)
FNDA:0,LandingComponent
FNDA:0,(anonymous_2)
DA:8,1
DA:12,1
DA:15,1
LF:3
LH:3
BRF:0
BRH:0
end_of_record
TN:
SF:C:\Users\User1\sukumar\mockathon-usecases\retail\src\app\product-details\product-details.component.ts
FN:11,(anonymous_0)
FN:16,ProductDetailsComponent
FN:18,(anonymous_2)
FN:20,(anonymous_3)
FN:23,(anonymous_4)
FNF:5
FNH:1
FNDA:1,(anonymous_0)
FNDA:0,ProductDetailsComponent
FNDA:0,(anonymous_2)
FNDA:0,(anonymous_3)
FNDA:0,(anonymous_4)
DA:11,1
DA:14,0
DA:16,0
DA:18,1
DA:19,0
DA:20,0
DA:23,1
DA:24,0
DA:27,1
LF:9
LH:4
BRF:0
BRH:0
end_of_record
TN:
SF:C:\Users\User1\sukumar\mockathon-usecases\retail\src\app\product-details\product.service.ts
FN:10,(anonymous_0)
FN:12,ProductService
FN:14,(anonymous_2)
FN:18,(anonymous_3)
FNF:4
FNH:1
FNDA:1,(anonymous_0)
FNDA:0,ProductService
FNDA:0,(anonymous_2)
FNDA:0,(anonymous_3)
DA:10,1
DA:12,0
DA:14,1
DA:15,0
DA:18,1
DA:19,0
DA:21,1
LF:7
LH:4
BRF:0
BRH:0
end_of_record
TN:
SF:C:\Users\User1\sukumar\mockathon-usecases\retail\src\app\product-details\product.ts
FN:1,(anonymous_0)
FNF:1
FNH:1
FNDA:2,(anonymous_0)
DA:1,1
DA:9,1
LF:2
LH:2
BRF:0
BRH:0
end_of_record
TN:
SF:C:\Users\User1\sukumar\mockathon-usecases\retail\src\environments\environment.ts
FNF:0
FNH:0
DA:5,1
LF:1
LH:1
BRF:0
BRH:0
end_of_record
